TN:
SF:fareUtills.js
FN:10,calFare
FNF:1
FNH:1
FNDA:1,calFare
DA:1,1
DA:11,1
DA:12,1
DA:13,1
DA:14,1
DA:17,1
LF:6
LH:6
BRDA:12,0,0,0
BRDA:12,0,1,1
BRDA:13,1,0,0
BRDA:13,1,1,1
BRF:4
BRH:2
end_of_record
TN:
SF:server.js
FN:12,(anonymous_0)
FN:20,(anonymous_1)
FNF:2
FNH:0
FNDA:0,(anonymous_0)
FNDA:0,(anonymous_1)
DA:1,0
DA:2,0
DA:3,0
DA:5,0
DA:6,0
DA:9,0
DA:12,0
DA:13,0
DA:14,0
DA:15,0
DA:16,0
DA:20,0
DA:21,0
LF:13
LH:0
BRF:0
BRH:0
end_of_record
TN:
SF:public/script.js
FN:1,(anonymous_0)
FN:9,(anonymous_1)
FN:13,(anonymous_2)
FNF:3
FNH:0
FNDA:0,(anonymous_0)
FNDA:0,(anonymous_1)
FNDA:0,(anonymous_2)
DA:1,0
DA:3,0
DA:4,0
DA:6,0
DA:7,0
DA:9,0
DA:10,0
DA:14,0
LF:8
LH:0
BRF:0
BRH:0
end_of_record
